#
# There is insufficient memory for the Java Runtime Environment to continue.
# Native memory allocation (malloc) failed to allocate 1048576 bytes for AllocateHeap
# Possible reasons:
#   The system is out of physical RAM or swap space
#   In 32 bit mode, the process size limit was hit
# Possible solutions:
#   Reduce memory load on the system
#   Increase physical memory or swap space
#   Check if swap backing store is full
#   Use 64 bit Java on a 64 bit OS
#   Decrease Java heap size (-Xmx/-Xms)
#   Decrease number of Java threads
#   Decrease Java thread stack sizes (-Xss)
#   Set larger code cache with -XX:ReservedCodeCacheSize=
# This output file may be truncated or incomplete.
#
#  Out of Memory Error (memory/allocation.inline.hpp:61), pid=11448, tid=13544
#
# JRE version:  (8.0_73-b02) (build )
# Java VM: Java HotSpot(TM) 64-Bit Server VM (25.73-b02 mixed mode windows-amd64 compressed oops)
# Failed to write core dump. Minidumps are not enabled by default on client versions of Windows
#

---------------  T H R E A D  ---------------

Current thread (0x00000000026a0800):  JavaThread "Unknown thread" [_thread_in_vm, id=13544, stack(0x0000000000e20000,0x0000000000f20000)]

Stack: [0x0000000000e20000,0x0000000000f20000]
[error occurred during error reporting (printing stack bounds), id 0xc0000005]

Native frames: (J=compiled Java code, j=interpreted, Vv=VM code, C=native code)


---------------  P R O C E S S  ---------------

Java Threads: ( => current thread )

Other Threads:

=>0x00000000026a0800 (exited) JavaThread "Unknown thread" [_thread_in_vm, id=13544, stack(0x0000000000e20000,0x0000000000f20000)]

VM state:not at safepoint (normal execution)

VM Mutex/Monitor currently owned by a thread: None

Heap:
 PSYoungGen      total 38400K, used 665K [0x00000000eab00000, 0x00000000ed580000, 0x0000000100000000)
  eden space 33280K, 2% used [0x00000000eab00000,0x00000000eaba6670,0x00000000ecb80000)
  from space 5120K, 0% used [0x00000000ed080000,0x00000000ed080000,0x00000000ed580000)
  to   space 5120K, 0% used [0x00000000ecb80000,0x00000000ecb80000,0x00000000ed080000)
 ParOldGen       total 87552K, used 0K [0x00000000c0000000, 0x00000000c5580000, 0x00000000eab00000)
  object space 87552K, 0% used [0x00000000c0000000,0x00000000c0000000,0x00000000c5580000)
 Metaspace       used 769K, capacity 4480K, committed 4480K, reserved 1056768K
  class space    used 75K, capacity 384K, committed 384K, reserved 1048576K

Card table byte_map: [0x0000000011c60000,0x0000000011e70000] byte_map_base: 0x0000000011660000

Marking Bits: (ParMarkBitMap*) 0x0000000066d80600
 Begin Bits: [0x00000000123d0000, 0x00000000133d0000)
 End Bits:   [0x00000000133d0000, 0x00000000143d0000)

Polling page: 0x0000000000f20000

CodeCache: size=245760Kb used=328Kb max_used=328Kb free=245431Kb
 bounds [0x00000000028a0000, 0x0000000002b10000, 0x00000000118a0000]
 total_blobs=57 nmethods=0 adapters=37
 compilation: enabled

Compilation events (0 events):
No events

GC Heap History (0 events):
No events

Deoptimization events (0 events):
No events

Internal exceptions (0 events):
No events

Events (10 events):
Event: 0.495 loading class java/lang/Short
Event: 0.495 loading class java/lang/Short done
Event: 0.495 loading class java/lang/Integer
Event: 0.496 loading class java/lang/Integer done
Event: 0.496 loading class java/lang/Long
Event: 0.512 loading class java/lang/Long done
Event: 0.514 loading class java/lang/NullPointerException
Event: 0.514 loading class java/lang/NullPointerException done
Event: 0.514 loading class java/lang/ArithmeticException
Event: 0.514 loading class java/lang/ArithmeticException done


Dynamic libraries:
0x00007ff768be0000 - 0x00007ff768c17000 	C:\Program Files\Java\jdk1.8.0_73\bin\java.exe
0x00007ff973a70000 - 0x00007ff973c1d000 	C:\Windows\SYSTEM32\ntdll.dll
0x00007ff973580000 - 0x00007ff9736be000 	C:\Windows\system32\KERNEL32.DLL
0x00007ff970e50000 - 0x00007ff970f65000 	C:\Windows\system32\KERNELBASE.dll
0x00007ff96f760000 - 0x00007ff96f7ee000 	C:\Windows\system32\apphelp.dll
0x00007ff96e0b0000 - 0x00007ff96e103000 	C:\Windows\AppPatch\AppPatch64\AcGenral.DLL
0x00007ff972ca0000 - 0x00007ff972d4a000 	C:\Windows\system32\msvcrt.dll
0x00007ff970f70000 - 0x00007ff970f9e000 	C:\Windows\system32\SspiCli.dll
0x00007ff973930000 - 0x00007ff973984000 	C:\Windows\system32\SHLWAPI.dll
0x00007ff9730d0000 - 0x00007ff973247000 	C:\Windows\system32\USER32.dll
0x00007ff972d50000 - 0x00007ff972ee4000 	C:\Windows\system32\ole32.dll
0x00007ff971100000 - 0x00007ff97262c000 	C:\Windows\system32\SHELL32.dll
0x00007ff970100000 - 0x00007ff970121000 	C:\Windows\SYSTEM32\USERENV.dll
0x00007ff9737b0000 - 0x00007ff97385a000 	C:\Windows\system32\ADVAPI32.dll
0x00007ff9639c0000 - 0x00007ff9639de000 	C:\Windows\SYSTEM32\MPR.dll
0x00007ff973400000 - 0x00007ff973540000 	C:\Windows\system32\RPCRT4.dll
0x00007ff972710000 - 0x00007ff972769000 	C:\Windows\SYSTEM32\sechost.dll
0x00007ff972a20000 - 0x00007ff972c32000 	C:\Windows\SYSTEM32\combase.dll
0x00007ff972770000 - 0x00007ff9728bb000 	C:\Windows\system32\GDI32.dll
0x00007ff970ba0000 - 0x00007ff970bb5000 	C:\Windows\SYSTEM32\profapi.dll
0x00007ff96f190000 - 0x00007ff96f242000 	C:\Windows\SYSTEM32\SHCORE.dll
0x00007ff973540000 - 0x00007ff973576000 	C:\Windows\system32\IMM32.DLL
0x00007ff9728c0000 - 0x00007ff972a11000 	C:\Windows\system32\MSCTF.dll
0x00007ff96ec90000 - 0x00007ff96ef0b000 	C:\Windows\WinSxS\amd64_microsoft.windows.common-controls_6595b64144ccf1df_6.0.9600.18006_none_623f33d3ecbe86e8\COMCTL32.dll
0x00000000662f0000 - 0x00000000663c2000 	C:\Program Files\Java\jdk1.8.0_73\jre\bin\msvcr100.dll
0x0000000066570000 - 0x0000000066e00000 	C:\Program Files\Java\jdk1.8.0_73\jre\bin\server\jvm.dll
0x00007ff96e860000 - 0x00007ff96e869000 	C:\Windows\SYSTEM32\WSOCK32.dll
0x00007ff96b750000 - 0x00007ff96b772000 	C:\Windows\SYSTEM32\WINMM.dll
0x00007ff96eac0000 - 0x00007ff96eaca000 	C:\Windows\SYSTEM32\VERSION.dll
0x00007ff973990000 - 0x00007ff973997000 	C:\Windows\system32\PSAPI.DLL
0x00007ff972c40000 - 0x00007ff972c9a000 	C:\Windows\system32\WS2_32.dll
0x00007ff96b4c0000 - 0x00007ff96b4ea000 	C:\Windows\SYSTEM32\WINMMBASE.dll
0x00007ff9739a0000 - 0x00007ff9739a9000 	C:\Windows\system32\NSI.dll
0x00007ff971000000 - 0x00007ff97104f000 	C:\Windows\SYSTEM32\cfgmgr32.dll
0x00007ff96f9e0000 - 0x00007ff96fa08000 	C:\Windows\SYSTEM32\DEVOBJ.dll
0x000000006a680000 - 0x000000006a68f000 	C:\Program Files\Java\jdk1.8.0_73\jre\bin\verify.dll
0x000000006a650000 - 0x000000006a679000 	C:\Program Files\Java\jdk1.8.0_73\jre\bin\java.dll
0x000000006a630000 - 0x000000006a646000 	C:\Program Files\Java\jdk1.8.0_73\jre\bin\zip.dll

VM Arguments:
jvm_args: -Djava.awt.headless=true -Xmx1024M -Dfile.encoding=windows-1252 -Duser.country=US -Duser.language=en -Duser.variant 
java_command: com.android.dx.command.Main --dex --num-threads=4 --output E:\GitHub\TrainTrackingSystem\TrainTrackingSystem\Android App\TrainTracking2\app\build\intermediates\pre-dexed\debug\support-annotations-26.0.0-alpha1_231f61341f7b3cd1a2e0fbf5989c25cc90aef6ee.jar C:\Users\Shamalka Navod\AppData\Local\Android\Sdk\extras\android\m2repository\com\android\support\support-annotations\26.0.0-alpha1\support-annotations-26.0.0-alpha1.jar
java_class_path (initial): C:\Users\Shamalka Navod\AppData\Local\Android\Sdk\build-tools\25.0.2\lib\dx.jar
Launcher Type: SUN_STANDARD

Environment Variables:
JAVA_HOME=C:\Program Files\Java\jdk1.8.0_73
PATH=C:\ProgramData\Oracle\Java\javapath;C:\Windows\system32;C:\Windows;C:\Windows\System32\Wbem;C:\Windows\System32\WindowsPowerShell\v1.0\;C:\Program Files\Java\jdk1.8.0_73;C:\Program Files (x86)\scala\bin;C:\Python27;C:\Python27\Scripts\;C:\Program Files\nodejs\;C:\Program Files (x86)\NVIDIA Corporation\PhysX\Common;C:\Program Files (x86)\GtkSharp\2.12\bin;C:\Program Files\OpenSSL-Win64\bin;C:\Program Files\Android\Android Studio1\gradle\gradle-4.1\bin;C:\xampp\php;C:\ProgramData\ComposerSetup\bin;C:\Program Files (x86)\Microsoft VS Code\bin;C:\Users\Shamalka Navod\AppData\Roaming\npm;C:\Users\Shamalka Navod\AppData\Roaming\Composer\vendor\bin
USERNAME=Shamalka Navod
OS=Windows_NT
PROCESSOR_IDENTIFIER=Intel64 Family 6 Model 61 Stepping 4, GenuineIntel



---------------  S Y S T E M  ---------------

OS: Windows 8.1 , 64 bit Build 9600 (6.3.9600.17415)

CPU:total 4 (2 cores per cpu, 2 threads per core) family 6 model 61 stepping 4, cmov, cx8, fxsr, mmx, sse, sse2, sse3, ssse3, sse4.1, sse4.2, popcnt, avx, avx2, aes, clmul, erms, 3dnowpref, lzcnt, ht, tsc, tscinvbit, bmi1, bmi2, adx

Memory: 4k page, physical 8315248k(377728k free), swap 11460976k(54452k free)

vm_info: Java HotSpot(TM) 64-Bit Server VM (25.73-b02) for windows-amd64 JRE (1.8.0_73-b02), built on Jan 29 2016 17:38:49 by "java_re" with MS VC++ 10.0 (VS2010)

time: Wed Aug 29 19:33:44 2018
elapsed time: 0 seconds (0d 0h 0m 0s)

